#
# There is insufficient memory for the Java Runtime Environment to continue.
# Native memory allocation (malloc) failed to allocate 615376 bytes for Chunk::new
# Possible reasons:
#   The system is out of physical RAM or swap space
#   In 32 bit mode, the process size limit was hit
# Possible solutions:
#   Reduce memory load on the system
#   Increase physical memory or swap space
#   Check if swap backing store is full
#   Use 64 bit Java on a 64 bit OS
#   Decrease Java heap size (-Xmx/-Xms)
#   Decrease number of Java threads
#   Decrease Java thread stack sizes (-Xss)
#   Set larger code cache with -XX:ReservedCodeCacheSize=
# This output file may be truncated or incomplete.
#
#  Out of Memory Error (allocation.cpp:390), pid=4016, tid=7844
#
# JRE version: Java(TM) SE Runtime Environment (8.0_31-b13) (build 1.8.0_31-b13)
# Java VM: Java HotSpot(TM) 64-Bit Server VM (25.31-b07 mixed mode windows-amd64 compressed oops)
# Failed to write core dump. Minidumps are not enabled by default on client versions of Windows
#

---------------  T H R E A D  ---------------

Current thread (0x000000001803a800):  JavaThread "C2 CompilerThread0" daemon [_thread_in_native, id=7844, stack(0x0000000019060000,0x0000000019160000)]

Stack: [0x0000000019060000,0x0000000019160000]
Native frames: (J=compiled Java code, j=interpreted, Vv=VM code, C=native code)
V  [jvm.dll+0x3169ba]


Current CompileTask:
C2:   4219 2174   !   4       sun.nio.cs.StreamDecoder::read (196 bytes)


---------------  P R O C E S S  ---------------

Java Threads: ( => current thread )
  0x00000000196f2000 JavaThread "Service Thread" daemon [_thread_blocked, id=14256, stack(0x0000000019f30000,0x000000001a030000)]
  0x000000001968a000 JavaThread "C1 CompilerThread2" daemon [_thread_blocked, id=9492, stack(0x0000000019e00000,0x0000000019f00000)]
  0x0000000019674000 JavaThread "C2 CompilerThread1" daemon [_thread_in_native, id=5140, stack(0x0000000019450000,0x0000000019550000)]
=>0x000000001803a800 JavaThread "C2 CompilerThread0" daemon [_thread_in_native, id=7844, stack(0x0000000019060000,0x0000000019160000)]
  0x0000000019659000 JavaThread "Attach Listener" daemon [_thread_blocked, id=13744, stack(0x0000000019ce0000,0x0000000019de0000)]
  0x0000000018039800 JavaThread "Signal Dispatcher" daemon [_thread_blocked, id=13076, stack(0x0000000019b00000,0x0000000019c00000)]
  0x0000000017fd4800 JavaThread "Finalizer" daemon [_thread_blocked, id=14572, stack(0x0000000019550000,0x0000000019650000)]
  0x0000000017fcd800 JavaThread "Reference Handler" daemon [_thread_blocked, id=12900, stack(0x0000000019330000,0x0000000019430000)]
  0x000000000228e800 JavaThread "main" [_thread_in_Java, id=7404, stack(0x00000000022f0000,0x00000000023f0000)]

Other Threads:
  0x0000000017fc8000 VMThread [stack: 0x00000000191f0000,0x00000000192f0000] [id=5340]
  0x0000000019705800 WatcherThread [stack: 0x000000001a210000,0x000000001a310000] [id=15012]

VM state:not at safepoint (normal execution)

VM Mutex/Monitor currently owned by a thread: None

Heap:
 PSYoungGen      total 45568K, used 21073K [0x000000078d780000, 0x0000000793080000, 0x00000007c0000000)
  eden space 39424K, 37% used [0x000000078d780000,0x000000078e61a4e0,0x000000078fe00000)
  from space 6144K, 99% used [0x000000078fe00000,0x00000007903fa040,0x0000000790400000)
  to   space 6144K, 0% used [0x0000000792a80000,0x0000000792a80000,0x0000000793080000)
 ParOldGen       total 103936K, used 4306K [0x0000000728600000, 0x000000072eb80000, 0x000000078d780000)
  object space 103936K, 4% used [0x0000000728600000,0x0000000728a34b58,0x000000072eb80000)
 Metaspace       used 13857K, capacity 14116K, committed 14336K, reserved 1062912K
  class space    used 1682K, capacity 1776K, committed 1792K, reserved 1048576K

Card table byte_map: [0x00000000117b0000,0x0000000011c70000] byte_map_base: 0x000000000de6d000

Marking Bits: (ParMarkBitMap*) 0x000000005939d4f0
 Begin Bits: [0x00000000125b0000, 0x0000000014b98000)
 End Bits:   [0x0000000014b98000, 0x0000000017180000)

Polling page: 0x0000000000200000

CodeCache: size=245760Kb used=6624Kb max_used=6624Kb free=239135Kb
 bounds [0x00000000023f0000, 0x0000000002a70000, 0x00000000113f0000]
 total_blobs=2500 nmethods=2177 adapters=237
 compilation: enabled

Compilation events (10 events):
Event: 4.189 Thread 0x000000001968a000 2196       2       java.util.Properties::load0 (250 bytes)
Event: 4.190 Thread 0x000000001968a000 nmethod 2196 0x0000000002a6a350 code [0x0000000002a6a500, 0x0000000002a6aa38]
Event: 4.190 Thread 0x000000001968a000 2197       2       org.apache.maven.model.BuildBase::<init> (5 bytes)
Event: 4.191 Thread 0x000000001968a000 nmethod 2197 0x0000000002a6ae50 code [0x0000000002a6afa0, 0x0000000002a6b0f0]
Event: 4.191 Thread 0x000000001968a000 2198       2       org.apache.maven.model.PluginConfiguration::<init> (5 bytes)
Event: 4.191 Thread 0x000000001968a000 nmethod 2198 0x0000000002a6b190 code [0x0000000002a6b2e0, 0x0000000002a6b430]
Event: 4.210 Thread 0x000000001968a000 2200       1       org.eclipse.aether.graph.Dependency::getExclusions (5 bytes)
Event: 4.210 Thread 0x000000001968a000 nmethod 2200 0x0000000002a6b4d0 code [0x0000000002a6b620, 0x0000000002a6b730]
Event: 4.210 Thread 0x000000001968a000 2201       2       org.eclipse.aether.util.version.GenericVersion$Item::hashCode (16 bytes)
Event: 4.210 Thread 0x000000001968a000 nmethod 2201 0x0000000002a6b790 code [0x0000000002a6b900, 0x0000000002a6baa8]

GC Heap History (6 events):
Event: 1.685 GC heap before
{Heap before GC invocations=1 (full 0):
 PSYoungGen      total 45568K, used 39424K [0x000000078d780000, 0x0000000790a00000, 0x00000007c0000000)
  eden space 39424K, 100% used [0x000000078d780000,0x000000078fe00000,0x000000078fe00000)
  from space 6144K, 0% used [0x0000000790400000,0x0000000790400000,0x0000000790a00000)
  to   space 6144K, 0% used [0x000000078fe00000,0x000000078fe00000,0x0000000790400000)
 ParOldGen       total 103936K, used 0K [0x0000000728600000, 0x000000072eb80000, 0x000000078d780000)
  object space 103936K, 0% used [0x0000000728600000,0x0000000728600000,0x000000072eb80000)
 Metaspace       used 8516K, capacity 8698K, committed 8832K, reserved 1056768K
  class space    used 1043K, capacity 1088K, committed 1152K, reserved 1048576K
Event: 1.696 GC heap after
Heap after GC invocations=1 (full 0):
 PSYoungGen      total 45568K, used 5954K [0x000000078d780000, 0x0000000790a00000, 0x00000007c0000000)
  eden space 39424K, 0% used [0x000000078d780000,0x000000078d780000,0x000000078fe00000)
  from space 6144K, 96% used [0x000000078fe00000,0x00000007903d0840,0x0000000790400000)
  to   space 6144K, 0% used [0x0000000790400000,0x0000000790400000,0x0000000790a00000)
 ParOldGen       total 103936K, used 16K [0x0000000728600000, 0x000000072eb80000, 0x000000078d780000)
  object space 103936K, 0% used [0x0000000728600000,0x0000000728604000,0x000000072eb80000)
 Metaspace       used 8516K, capacity 8698K, committed 8832K, reserved 1056768K
  class space    used 1043K, capacity 1088K, committed 1152K, reserved 1048576K
}
Event: 3.268 GC heap before
{Heap before GC invocations=2 (full 0):
 PSYoungGen      total 45568K, used 45378K [0x000000078d780000, 0x0000000790a00000, 0x00000007c0000000)
  eden space 39424K, 100% used [0x000000078d780000,0x000000078fe00000,0x000000078fe00000)
  from space 6144K, 96% used [0x000000078fe00000,0x00000007903d0840,0x0000000790400000)
  to   space 6144K, 0% used [0x0000000790400000,0x0000000790400000,0x0000000790a00000)
 ParOldGen       total 103936K, used 16K [0x0000000728600000, 0x000000072eb80000, 0x000000078d780000)
  object space 103936K, 0% used [0x0000000728600000,0x0000000728604000,0x000000072eb80000)
 Metaspace       used 13327K, capacity 13606K, committed 13824K, reserved 1060864K
  class space    used 1654K, capacity 1739K, committed 1792K, reserved 1048576K
Event: 3.287 GC heap after
Heap after GC invocations=2 (full 0):
 PSYoungGen      total 45568K, used 6118K [0x000000078d780000, 0x0000000790a00000, 0x00000007c0000000)
  eden space 39424K, 0% used [0x000000078d780000,0x000000078d780000,0x000000078fe00000)
  from space 6144K, 99% used [0x0000000790400000,0x00000007909f9bf0,0x0000000790a00000)
  to   space 6144K, 0% used [0x000000078fe00000,0x000000078fe00000,0x0000000790400000)
 ParOldGen       total 103936K, used 2160K [0x0000000728600000, 0x000000072eb80000, 0x000000078d780000)
  object space 103936K, 2% used [0x0000000728600000,0x000000072881c348,0x000000072eb80000)
 Metaspace       used 13327K, capacity 13606K, committed 13824K, reserved 1060864K
  class space    used 1654K, capacity 1739K, committed 1792K, reserved 1048576K
}
Event: 3.933 GC heap before
{Heap before GC invocations=3 (full 0):
 PSYoungGen      total 45568K, used 45542K [0x000000078d780000, 0x0000000790a00000, 0x00000007c0000000)
  eden space 39424K, 100% used [0x000000078d780000,0x000000078fe00000,0x000000078fe00000)
  from space 6144K, 99% used [0x0000000790400000,0x00000007909f9bf0,0x0000000790a00000)
  to   space 6144K, 0% used [0x000000078fe00000,0x000000078fe00000,0x0000000790400000)
 ParOldGen       total 103936K, used 2160K [0x0000000728600000, 0x000000072eb80000, 0x000000078d780000)
  object space 103936K, 2% used [0x0000000728600000,0x000000072881c348,0x000000072eb80000)
 Metaspace       used 13723K, capacity 13976K, committed 14080K, reserved 1060864K
  class space    used 1680K, capacity 1774K, committed 1792K, reserved 1048576K
Event: 3.984 GC heap after
Heap after GC invocations=3 (full 0):
 PSYoungGen      total 45568K, used 6120K [0x000000078d780000, 0x0000000793080000, 0x00000007c0000000)
  eden space 39424K, 0% used [0x000000078d780000,0x000000078d780000,0x000000078fe00000)
  from space 6144K, 99% used [0x000000078fe00000,0x00000007903fa040,0x0000000790400000)
  to   space 6144K, 0% used [0x0000000792a80000,0x0000000792a80000,0x0000000793080000)
 ParOldGen       total 103936K, used 4306K [0x0000000728600000, 0x000000072eb80000, 0x000000078d780000)
  object space 103936K, 4% used [0x0000000728600000,0x0000000728a34b58,0x000000072eb80000)
 Metaspace       used 13723K, capacity 13976K, committed 14080K, reserved 1060864K
  class space    used 1680K, capacity 1774K, committed 1792K, reserved 1048576K
}

Deoptimization events (10 events):
Event: 3.585 Thread 0x000000000228e800 Uncommon trap: reason=unreached action=reinterpret pc=0x0000000002691b28 method=java.util.HashMap.hash(Ljava/lang/Object;)I @ 1
Event: 3.590 Thread 0x000000000228e800 Uncommon trap: reason=unreached action=reinterpret pc=0x0000000002950868 method=java.util.HashMap.hash(Ljava/lang/Object;)I @ 1
Event: 3.590 Thread 0x000000000228e800 Uncommon trap: reason=unreached action=reinterpret pc=0x000000000272f2f0 method=java.util.HashMap.hash(Ljava/lang/Object;)I @ 1
Event: 3.712 Thread 0x000000000228e800 Uncommon trap: reason=predicate action=maybe_recompile pc=0x000000000284f878 method=java.nio.charset.CharsetDecoder.decode(Ljava/nio/ByteBuffer;Ljava/nio/CharBuffer;Z)Ljava/nio/charset/CoderResult; @ 54
Event: 4.047 Thread 0x000000000228e800 Uncommon trap: reason=speculate_class_check action=maybe_recompile pc=0x0000000002a31844 method=java.nio.charset.CharsetDecoder.decode(Ljava/nio/ByteBuffer;Ljava/nio/CharBuffer;Z)Ljava/nio/charset/CoderResult; @ 57
Event: 4.047 Thread 0x000000000228e800 Uncommon trap: reason=speculate_class_check action=maybe_recompile pc=0x0000000002a31844 method=java.nio.charset.CharsetDecoder.decode(Ljava/nio/ByteBuffer;Ljava/nio/CharBuffer;Z)Ljava/nio/charset/CoderResult; @ 57
Event: 4.048 Thread 0x000000000228e800 Uncommon trap: reason=speculate_class_check action=maybe_recompile pc=0x0000000002a31844 method=java.nio.charset.CharsetDecoder.decode(Ljava/nio/ByteBuffer;Ljava/nio/CharBuffer;Z)Ljava/nio/charset/CoderResult; @ 57
Event: 4.048 Thread 0x000000000228e800 Uncommon trap: reason=speculate_class_check action=maybe_recompile pc=0x0000000002a31844 method=java.nio.charset.CharsetDecoder.decode(Ljava/nio/ByteBuffer;Ljava/nio/CharBuffer;Z)Ljava/nio/charset/CoderResult; @ 57
Event: 4.123 Thread 0x000000000228e800 Uncommon trap: reason=bimorphic action=maybe_recompile pc=0x0000000002922b90 method=java.util.concurrent.ConcurrentHashMap.get(Ljava/lang/Object;)Ljava/lang/Object; @ 149
Event: 4.132 Thread 0x000000000228e800 Uncommon trap: reason=bimorphic action=maybe_recompile pc=0x0000000002922b90 method=java.util.concurrent.ConcurrentHashMap.get(Ljava/lang/Object;)Ljava/lang/Object; @ 149

Internal exceptions (10 events):
Event: 3.649 Thread 0x000000000228e800 Exception <a 'java/security/PrivilegedActionException'> (0x000000078efc32e8) thrown at [C:\workspace\8-2-build-windows-amd64-cygwin\jdk8u31\2394\hotspot\src\share\vm\prims\jvm.cpp, line 1312]
Event: 3.649 Thread 0x000000000228e800 Exception <a 'java/security/PrivilegedActionException'> (0x000000078efc3c80) thrown at [C:\workspace\8-2-build-windows-amd64-cygwin\jdk8u31\2394\hotspot\src\share\vm\prims\jvm.cpp, line 1312]
Event: 3.650 Thread 0x000000000228e800 Exception <a 'java/security/PrivilegedActionException'> (0x000000078efc7d78) thrown at [C:\workspace\8-2-build-windows-amd64-cygwin\jdk8u31\2394\hotspot\src\share\vm\prims\jvm.cpp, line 1312]
Event: 3.650 Thread 0x000000000228e800 Exception <a 'java/security/PrivilegedActionException'> (0x000000078efc86e8) thrown at [C:\workspace\8-2-build-windows-amd64-cygwin\jdk8u31\2394\hotspot\src\share\vm\prims\jvm.cpp, line 1312]
Event: 3.651 Thread 0x000000000228e800 Exception <a 'java/security/PrivilegedActionException'> (0x000000078efcc6b8) thrown at [C:\workspace\8-2-build-windows-amd64-cygwin\jdk8u31\2394\hotspot\src\share\vm\prims\jvm.cpp, line 1312]
Event: 3.651 Thread 0x000000000228e800 Exception <a 'java/security/PrivilegedActionException'> (0x000000078efcd008) thrown at [C:\workspace\8-2-build-windows-amd64-cygwin\jdk8u31\2394\hotspot\src\share\vm\prims\jvm.cpp, line 1312]
Event: 3.725 Thread 0x000000000228e800 Exception <a 'java/security/PrivilegedActionException'> (0x000000078f2333d0) thrown at [C:\workspace\8-2-build-windows-amd64-cygwin\jdk8u31\2394\hotspot\src\share\vm\prims\jvm.cpp, line 1312]
Event: 3.725 Thread 0x000000000228e800 Exception <a 'java/security/PrivilegedActionException'> (0x000000078f233d18) thrown at [C:\workspace\8-2-build-windows-amd64-cygwin\jdk8u31\2394\hotspot\src\share\vm\prims\jvm.cpp, line 1312]
Event: 3.726 Thread 0x000000000228e800 Exception <a 'java/security/PrivilegedActionException'> (0x000000078f237550) thrown at [C:\workspace\8-2-build-windows-amd64-cygwin\jdk8u31\2394\hotspot\src\share\vm\prims\jvm.cpp, line 1312]
Event: 3.726 Thread 0x000000000228e800 Exception <a 'java/security/PrivilegedActionException'> (0x000000078f238010) thrown at [C:\workspace\8-2-build-windows-amd64-cygwin\jdk8u31\2394\hotspot\src\share\vm\prims\jvm.cpp, line 1312]

Events (10 events):
Event: 4.049 Thread 0x000000000228e800 DEOPT PACKING pc=0x00000000028a7c5a sp=0x00000000023ecfb0
Event: 4.049 Thread 0x000000000228e800 DEOPT UNPACKING pc=0x00000000024371bf sp=0x00000000023ecd48 mode 0
Event: 4.123 Thread 0x000000000228e800 Uncommon trap: trap_request=0xffffffc6 fr.pc=0x0000000002922b90
Event: 4.123 Thread 0x000000000228e800 DEOPT PACKING pc=0x0000000002922b90 sp=0x00000000023ed710
Event: 4.123 Thread 0x000000000228e800 DEOPT UNPACKING pc=0x000000000243556a sp=0x00000000023ed688 mode 2
Event: 4.132 Thread 0x000000000228e800 Uncommon trap: trap_request=0xffffffc6 fr.pc=0x0000000002922b90
Event: 4.132 Thread 0x000000000228e800 DEOPT PACKING pc=0x0000000002922b90 sp=0x00000000023ed710
Event: 4.133 Thread 0x000000000228e800 DEOPT UNPACKING pc=0x000000000243556a sp=0x00000000023ed688 mode 2
Event: 4.182 loading class java/util/AbstractMap$SimpleImmutableEntry
Event: 4.183 loading class java/util/AbstractMap$SimpleImmutableEntry done


Dynamic libraries:
0x000000013ff80000 - 0x000000013ffb4000 	C:\Program Files\Java\jdk1.8.0_31\bin\javaw.exe
0x00000000772e0000 - 0x000000007748a000 	C:\windows\SYSTEM32\ntdll.dll
0x00000000771c0000 - 0x00000000772df000 	C:\windows\system32\kernel32.dll
0x000007fefd300000 - 0x000007fefd36a000 	C:\windows\system32\KERNELBASE.dll
0x000007fefd6b0000 - 0x000007fefd78b000 	C:\windows\system32\ADVAPI32.dll
0x000007fefe1c0000 - 0x000007fefe25f000 	C:\windows\system32\msvcrt.dll
0x000007fefda40000 - 0x000007fefda5f000 	C:\windows\SYSTEM32\sechost.dll
0x000007fefe3f0000 - 0x000007fefe51d000 	C:\windows\system32\RPCRT4.dll
0x00000000770c0000 - 0x00000000771ba000 	C:\windows\system32\USER32.dll
0x000007fefda60000 - 0x000007fefdac7000 	C:\windows\system32\GDI32.dll
0x000007feff5c0000 - 0x000007feff5ce000 	C:\windows\system32\LPK.dll
0x000007fefe0f0000 - 0x000007fefe1bb000 	C:\windows\system32\USP10.dll
0x000007fefbc30000 - 0x000007fefbe24000 	C:\windows\WinSxS\amd64_microsoft.windows.common-controls_6595b64144ccf1df_6.0.7601.18837_none_fa3b1e3d17594757\COMCTL32.dll
0x000007fefe070000 - 0x000007fefe0e1000 	C:\windows\system32\SHLWAPI.dll
0x000007feff310000 - 0x000007feff33e000 	C:\windows\system32\IMM32.DLL
0x000007fefdad0000 - 0x000007fefdbd9000 	C:\windows\system32\MSCTF.dll
0x0000000059420000 - 0x00000000594f2000 	C:\Program Files\Java\jdk1.8.0_31\jre\bin\msvcr100.dll
0x0000000058bc0000 - 0x000000005941a000 	C:\Program Files\Java\jdk1.8.0_31\jre\bin\server\jvm.dll
0x000007fef92c0000 - 0x000007fef92c9000 	C:\windows\system32\WSOCK32.dll
0x000007fefd790000 - 0x000007fefd7dd000 	C:\windows\system32\WS2_32.dll
0x000007fefd6a0000 - 0x000007fefd6a8000 	C:\windows\system32\NSI.dll
0x000007fef9520000 - 0x000007fef955b000 	C:\windows\system32\WINMM.dll
0x00000000774a0000 - 0x00000000774a7000 	C:\windows\system32\PSAPI.DLL
0x000000006b680000 - 0x000000006b68f000 	C:\Program Files\Java\jdk1.8.0_31\jre\bin\verify.dll
0x000000006b4d0000 - 0x000000006b4f8000 	C:\Program Files\Java\jdk1.8.0_31\jre\bin\java.dll
0x0000000069e00000 - 0x0000000069e16000 	C:\Program Files\Java\jdk1.8.0_31\jre\bin\zip.dll
0x000007fefe520000 - 0x000007feff2ab000 	C:\windows\system32\SHELL32.dll
0x000007feff3c0000 - 0x000007feff5bc000 	C:\windows\system32\ole32.dll
0x000007fefd1f0000 - 0x000007fefd1ff000 	C:\windows\system32\profapi.dll
0x0000000069de0000 - 0x0000000069dfa000 	C:\Program Files\Java\jdk1.8.0_31\jre\bin\net.dll
0x000007fefca90000 - 0x000007fefcae5000 	C:\windows\system32\mswsock.dll
0x000007fefcbf0000 - 0x000007fefcbf7000 	C:\windows\System32\wship6.dll
0x0000000069dc0000 - 0x0000000069dd1000 	C:\Program Files\Java\jdk1.8.0_31\jre\bin\nio.dll

VM Arguments:
jvm_args: -Dmaven.home=D:\maven\apache-maven-3.1.1 -Dclassworlds.conf=D:\Files\JAVA-Projects\BOS_v2.0-sts\.metadata\.plugins\org.eclipse.m2e.launching\launches\m2conf105621377417745669.tmp -Dfile.encoding=GBK 
java_command: org.codehaus.plexus.classworlds.launcher.Launcher -B -s D:\maven\apache-maven-3.1.1\conf\settings.xml tomcat:run
java_class_path (initial): D:\maven\apache-maven-3.1.1\boot\plexus-classworlds-2.5.1.jar
Launcher Type: SUN_STANDARD

Environment Variables:
JAVA_HOME=C:\Program Files\Java\jdk1.8.0_31
PATH=C:/Program Files/Java/jre1.8.0_31/bin/server;C:/Program Files/Java/jre1.8.0_31/bin;C:/Program Files/Java/jre1.8.0_31/lib/amd64;C:\ProgramData\Oracle\Java\javapath;D:\maven\apache-maven-3.1.1\bin;C:\Program Files\Java\jdk1.8.0_31\bin;C:\windows\system32;C:\windows;C:\windows\System32\Wbem;C:\windows\System32\WindowsPowerShell\v1.0\;C:\Program Files (x86)\ATI Technologies\ATI.ACE\Core-Static;C:\Program Files (x86)\MySQL\MySQL Server 5.5\bin;D:\SQL\bin;D:\MySql\bin;C:\Program Files\VanDyke Software\Clients\;C:\Program Files\Git\cmd;C:\Program Files\TortoiseGit\bin;D:\Files\software\IDE\STS\sts-3.8.4.RELEASE;
USERNAME=Lee
OS=Windows_NT
PROCESSOR_IDENTIFIER=AMD64 Family 18 Model 1 Stepping 0, AuthenticAMD



---------------  S Y S T E M  ---------------

OS: Windows 7 , 64 bit Build 7601 Service Pack 1

CPU:total 4 (4 cores per cpu, 1 threads per core) family 18 model 1 stepping 0, cmov, cx8, fxsr, mmx, sse, sse2, sse3, popcnt, mmxext, 3dnowpref, lzcnt, sse4a, tsc, tscinvbit, tscinv

Memory: 4k page, physical 9934960k(2677228k free), swap 10957100k(5148k free)

vm_info: Java HotSpot(TM) 64-Bit Server VM (25.31-b07) for windows-amd64 JRE (1.8.0_31-b13), built on Dec 17 2014 21:00:28 by "java_re" with MS VC++ 10.0 (VS2010)

time: Mon Jul 10 16:35:54 2017
elapsed time: 4 seconds (0d 0h 0m 4s)

